mode: set
authen.agnoshealth.com/domain/password.go:32.53,36.2 1 1
authen.agnoshealth.com/domain/password.go:38.33,40.2 1 1
authen.agnoshealth.com/domain/password.go:42.54,46.34 4 1
authen.agnoshealth.com/domain/password.go:46.34,47.29 1 1
authen.agnoshealth.com/domain/password.go:47.29,49.4 1 1
authen.agnoshealth.com/domain/password.go:49.9,50.18 1 1
authen.agnoshealth.com/domain/password.go:50.18,52.5 1 1
authen.agnoshealth.com/domain/password.go:53.4,53.13 1 1
authen.agnoshealth.com/domain/password.go:56.2,56.15 1 1
authen.agnoshealth.com/domain/password.go:56.15,58.3 1 1
authen.agnoshealth.com/domain/password.go:59.2,59.24 1 1
authen.agnoshealth.com/domain/password.go:62.56,64.18 2 1
authen.agnoshealth.com/domain/password.go:64.18,66.3 1 1
authen.agnoshealth.com/domain/password.go:67.2,67.16 1 1
authen.agnoshealth.com/domain/password.go:67.16,69.3 1 1
authen.agnoshealth.com/domain/password.go:69.8,71.3 1 1
authen.agnoshealth.com/domain/password.go:73.45,74.43 1 1
authen.agnoshealth.com/domain/password.go:74.43,75.28 1 1
authen.agnoshealth.com/domain/password.go:75.28,77.4 1 1
authen.agnoshealth.com/domain/password.go:79.2,79.14 1 1
authen.agnoshealth.com/domain/password.go:82.45,83.43 1 1
authen.agnoshealth.com/domain/password.go:83.43,84.28 1 1
authen.agnoshealth.com/domain/password.go:84.28,86.4 1 1
authen.agnoshealth.com/domain/password.go:88.2,88.14 1 1
authen.agnoshealth.com/domain/password.go:91.41,92.43 1 1
authen.agnoshealth.com/domain/password.go:92.43,93.28 1 1
authen.agnoshealth.com/domain/password.go:93.28,95.4 1 1
authen.agnoshealth.com/domain/password.go:97.2,97.14 1 1
authen.agnoshealth.com/domain/password.go:100.36,102.2 1 1
authen.agnoshealth.com/domain/password.go:104.38,107.31 3 1
authen.agnoshealth.com/domain/password.go:107.31,109.3 1 1
authen.agnoshealth.com/domain/password.go:111.2,113.29 2 1
authen.agnoshealth.com/domain/password.go:114.23,115.30 1 1
authen.agnoshealth.com/domain/password.go:116.24,117.29 1 1
authen.agnoshealth.com/domain/password.go:120.2,122.59 2 1
authen.agnoshealth.com/domain/password.go:122.59,123.25 1 1
authen.agnoshealth.com/domain/password.go:123.25,125.4 1 1
authen.agnoshealth.com/domain/password.go:126.3,126.54 1 1
authen.agnoshealth.com/domain/password.go:129.2,129.40 1 1
